{"C:\\Users\\51947\\Documents\\Laboratoria-Backend\\REG003-roman-numerals-slack\\app.js": {"path":"C:\\Users\\51947\\Documents\\Laboratoria-Backend\\REG003-roman-numerals-slack\\app.js","statementMap":{"0":{"start":{"line":1,"column":16},"end":{"line":1,"column":34}},"1":{"start":{"line":2,"column":20},"end":{"line":2,"column":45}},"2":{"start":{"line":3,"column":12},"end":{"line":3,"column":37}},"3":{"start":{"line":4,"column":17},"end":{"line":4,"column":36}},"4":{"start":{"line":6,"column":12},"end":{"line":6,"column":21}},"5":{"start":{"line":8,"column":0},"end":{"line":8,"column":20}},"6":{"start":{"line":11,"column":0},"end":{"line":11,"column":49}},"7":{"start":{"line":12,"column":0},"end":{"line":12,"column":24}},"8":{"start":{"line":14,"column":0},"end":{"line":14,"column":21}},"9":{"start":{"line":16,"column":15},"end":{"line":18,"column":2}},"10":{"start":{"line":17,"column":2},"end":{"line":17,"column":48}},"11":{"start":{"line":20,"column":0},"end":{"line":20,"column":33}}},"fnMap":{"0":{"name":"(anonymous_0)","decl":{"start":{"line":16,"column":32},"end":{"line":16,"column":33}},"loc":{"start":{"line":16,"column":38},"end":{"line":18,"column":1}},"line":16}},"branchMap":{},"s":{"0":1,"1":1,"2":1,"3":1,"4":1,"5":1,"6":1,"7":1,"8":1,"9":1,"10":1,"11":1},"f":{"0":1},"b":{},"_coverageSchema":"1a1c01bbd47fc00a2c39e90264f33305004495a9","hash":"dab3b8f67c5799abb9081217dca25c7ec2a12e3f"}
,"C:\\Users\\51947\\Documents\\Laboratoria-Backend\\REG003-roman-numerals-slack\\config.js": {"path":"C:\\Users\\51947\\Documents\\Laboratoria-Backend\\REG003-roman-numerals-slack\\config.js","statementMap":{"0":{"start":{"line":1,"column":0},"end":{"line":1,"column":40}}},"fnMap":{},"branchMap":{"0":{"loc":{"start":{"line":1,"column":15},"end":{"line":1,"column":39}},"type":"binary-expr","locations":[{"start":{"line":1,"column":15},"end":{"line":1,"column":31}},{"start":{"line":1,"column":35},"end":{"line":1,"column":39}}],"line":1}},"s":{"0":1},"f":{},"b":{"0":[1,1]},"_coverageSchema":"1a1c01bbd47fc00a2c39e90264f33305004495a9","hash":"d780fbd18a10393b5837599f1d2ff7bbf16d2484"}
,"C:\\Users\\51947\\Documents\\Laboratoria-Backend\\REG003-roman-numerals-slack\\routes\\index.js": {"path":"C:\\Users\\51947\\Documents\\Laboratoria-Backend\\REG003-roman-numerals-slack\\routes\\index.js","statementMap":{"0":{"start":{"line":1,"column":16},"end":{"line":1,"column":34}},"1":{"start":{"line":3,"column":15},"end":{"line":3,"column":31}},"2":{"start":{"line":4,"column":29},"end":{"line":4,"column":62}},"3":{"start":{"line":6,"column":0},"end":{"line":8,"column":3}},"4":{"start":{"line":6,"column":31},"end":{"line":8,"column":1}},"5":{"start":{"line":10,"column":0},"end":{"line":53,"column":3}},"6":{"start":{"line":11,"column":19},"end":{"line":11,"column":27}},"7":{"start":{"line":12,"column":26},"end":{"line":12,"column":41}},"8":{"start":{"line":14,"column":24},"end":{"line":20,"column":3}},"9":{"start":{"line":15,"column":4},"end":{"line":19,"column":5}},"10":{"start":{"line":16,"column":6},"end":{"line":16,"column":22}},"11":{"start":{"line":18,"column":6},"end":{"line":18,"column":27}},"12":{"start":{"line":22,"column":22},"end":{"line":29,"column":3}},"13":{"start":{"line":23,"column":4},"end":{"line":23,"column":47}},"14":{"start":{"line":23,"column":25},"end":{"line":23,"column":47}},"15":{"start":{"line":24,"column":4},"end":{"line":28,"column":5}},"16":{"start":{"line":25,"column":6},"end":{"line":25,"column":27}},"17":{"start":{"line":27,"column":6},"end":{"line":27,"column":27}},"18":{"start":{"line":31,"column":2},"end":{"line":38,"column":3}},"19":{"start":{"line":32,"column":22},"end":{"line":32,"column":42}},"20":{"start":{"line":33,"column":21},"end":{"line":36,"column":5}},"21":{"start":{"line":37,"column":4},"end":{"line":37,"column":43}},"22":{"start":{"line":40,"column":2},"end":{"line":47,"column":3}},"23":{"start":{"line":41,"column":22},"end":{"line":41,"column":40}},"24":{"start":{"line":42,"column":21},"end":{"line":45,"column":5}},"25":{"start":{"line":46,"column":4},"end":{"line":46,"column":43}},"26":{"start":{"line":49,"column":2},"end":{"line":52,"column":5}},"27":{"start":{"line":55,"column":0},"end":{"line":55,"column":24}}},"fnMap":{"0":{"name":"(anonymous_0)","decl":{"start":{"line":6,"column":16},"end":{"line":6,"column":17}},"loc":{"start":{"line":6,"column":31},"end":{"line":8,"column":1}},"line":6},"1":{"name":"(anonymous_1)","decl":{"start":{"line":10,"column":17},"end":{"line":10,"column":18}},"loc":{"start":{"line":10,"column":32},"end":{"line":53,"column":1}},"line":10},"2":{"name":"(anonymous_2)","decl":{"start":{"line":14,"column":24},"end":{"line":14,"column":25}},"loc":{"start":{"line":14,"column":31},"end":{"line":20,"column":3}},"line":14},"3":{"name":"(anonymous_3)","decl":{"start":{"line":22,"column":22},"end":{"line":22,"column":23}},"loc":{"start":{"line":22,"column":29},"end":{"line":29,"column":3}},"line":22}},"branchMap":{"0":{"loc":{"start":{"line":23,"column":4},"end":{"line":23,"column":47}},"type":"if","locations":[{"start":{"line":23,"column":4},"end":{"line":23,"column":47}},{"start":{"line":23,"column":4},"end":{"line":23,"column":47}}],"line":23},"1":{"loc":{"start":{"line":31,"column":2},"end":{"line":38,"column":3}},"type":"if","locations":[{"start":{"line":31,"column":2},"end":{"line":38,"column":3}},{"start":{"line":31,"column":2},"end":{"line":38,"column":3}}],"line":31},"2":{"loc":{"start":{"line":40,"column":2},"end":{"line":47,"column":3}},"type":"if","locations":[{"start":{"line":40,"column":2},"end":{"line":47,"column":3}},{"start":{"line":40,"column":2},"end":{"line":47,"column":3}}],"line":40}},"s":{"0":1,"1":1,"2":1,"3":1,"4":2,"5":1,"6":4,"7":4,"8":4,"9":1,"10":1,"11":0,"12":4,"13":1,"14":0,"15":1,"16":1,"17":0,"18":4,"19":1,"20":1,"21":1,"22":3,"23":1,"24":1,"25":1,"26":2,"27":1},"f":{"0":2,"1":4,"2":1,"3":1},"b":{"0":[0,1],"1":[1,3],"2":[1,2]},"_coverageSchema":"1a1c01bbd47fc00a2c39e90264f33305004495a9","hash":"def178b37d7bedf772dc0867ea533a322e41a6cb"}
}
