TN:
SF:app.js
FN:16,(anonymous_0)
FNF:1
FNH:1
FNDA:1,(anonymous_0)
DA:1,1
DA:2,1
DA:3,1
DA:4,1
DA:6,1
DA:8,1
DA:11,1
DA:12,1
DA:14,1
DA:16,1
DA:17,1
DA:20,1
LF:12
LH:12
BRF:0
BRH:0
end_of_record
TN:
SF:config.js
FNF:0
FNH:0
DA:1,1
LF:1
LH:1
BRDA:1,0,0,1
BRDA:1,0,1,1
BRF:2
BRH:2
end_of_record
TN:
SF:routes\index.js
FN:6,(anonymous_0)
FN:10,(anonymous_1)
FN:14,(anonymous_2)
FN:22,(anonymous_3)
FNF:4
FNH:4
FNDA:2,(anonymous_0)
FNDA:4,(anonymous_1)
FNDA:1,(anonymous_2)
FNDA:1,(anonymous_3)
DA:1,1
DA:3,1
DA:4,1
DA:6,2
DA:10,1
DA:11,4
DA:12,4
DA:14,4
DA:15,1
DA:16,1
DA:18,0
DA:22,4
DA:23,1
DA:24,1
DA:25,1
DA:27,0
DA:31,4
DA:32,1
DA:33,1
DA:37,1
DA:40,3
DA:41,1
DA:42,1
DA:46,1
DA:49,2
DA:55,1
LF:26
LH:24
BRDA:23,0,0,0
BRDA:23,0,1,1
BRDA:31,1,0,1
BRDA:31,1,1,3
BRDA:40,2,0,1
BRDA:40,2,1,2
BRF:6
BRH:5
end_of_record
